<?xml version="1.0" encoding="UTF-8"?>
<!-- Generated by org.testng.reporters.JUnitReportReporter -->
<testsuite hostname="DESKTOP-HNG5JPV" failures="0" tests="4" name="com.testng.TestNG_Group" time="0.029" errors="0" timestamp="2025-09-22T08:53:05 IST" skipped="0">
  <testcase classname="com.testng.TestNG_Group" name="red3" time="0.002"/>
  <testcase classname="com.testng.TestNG_Group" name="red1" time="0.021"/>
  <testcase classname="com.testng.TestNG_Group" name="red2" time="0.003"/>
  <testcase classname="com.testng.TestNG_Group" name="red_green" time="0.003"/>
</testsuite> <!-- com.testng.TestNG_Group -->
