<?xml version="1.0" encoding="UTF-8"?>
<!-- Generated by org.testng.reporters.JUnitReportReporter -->
<testsuite hostname="DESKTOP-HNG5JPV" failures="0" tests="2" name="com.testng.TestNG_Parameter" time="22.155" errors="0" timestamp="2025-09-22T09:13:17 IST" skipped="0">
  <testcase classname="com.testng.TestNG_Parameter" name="f" time="11.692"/>
  <testcase classname="com.testng.TestNG_Parameter" name="f" time="10.463"/>
</testsuite> <!-- com.testng.TestNG_Parameter -->
