<?xml version="1.0" encoding="UTF-8"?>
<!-- Generated by org.testng.reporters.JUnitReportReporter -->
<testsuite hostname="DESKTOP-HNG5JPV" failures="0" tests="4" name="com.testng.TestNgPriority" time="0.036" errors="0" timestamp="2025-09-19T09:04:47 IST" skipped="0">
  <testcase classname="com.testng.TestNgPriority" name="best" time="0.026"/>
  <testcase classname="com.testng.TestNgPriority" name="nest" time="0.004"/>
  <testcase classname="com.testng.TestNgPriority" name="test" time="0.003"/>
  <testcase classname="com.testng.TestNgPriority" name="rest" time="0.003"/>
</testsuite> <!-- com.testng.TestNgPriority -->
