<?xml version="1.0" encoding="UTF-8"?>
<!-- Generated by org.testng.reporters.JUnitReportReporter -->
<testsuite hostname="DESKTOP-HNG5JPV" failures="0" tests="2" name="com.testng.TestNgDataProvider" time="21.496" errors="0" timestamp="2025-09-26T08:29:15 IST" skipped="0">
  <testcase classname="com.testng.TestNgDataProvider" name="test" time="11.281"/>
  <testcase classname="com.testng.TestNgDataProvider" name="test" time="10.215"/>
</testsuite> <!-- com.testng.TestNgDataProvider -->
