<?xml version="1.0" encoding="UTF-8"?>
<!-- Generated by org.testng.reporters.JUnitReportReporter -->
<testsuite hostname="DESKTOP-HNG5JPV" failures="0" tests="2" name="com.testng.TestNgParameter_FB" time="19.550" errors="0" timestamp="2025-09-24T09:24:16 IST" skipped="0">
  <testcase classname="com.testng.TestNgParameter_FB" name="f" time="9.149"/>
  <testcase classname="com.testng.TestNgParameter_FB" name="f" time="10.401"/>
</testsuite> <!-- com.testng.TestNgParameter_FB -->
