<?xml version="1.0" encoding="UTF-8"?>
<!-- Generated by org.testng.reporters.JUnitReportReporter -->
<testsuite hostname="DESKTOP-HNG5JPV" failures="0" tests="3" name="com.testng.TestNGDependsOn" time="9.227" errors="0" timestamp="2025-09-22T08:41:56 IST" skipped="0">
  <testcase classname="com.testng.TestNGDependsOn" name="enterUsername" time="2.143"/>
  <testcase classname="com.testng.TestNGDependsOn" name="before" time="4.988"/>
  <testcase classname="com.testng.TestNGDependsOn" name="enterPassword" time="2.096"/>
</testsuite> <!-- com.testng.TestNGDependsOn -->
