<?xml version="1.0" encoding="UTF-8"?>
<!-- Generated by org.testng.reporters.JUnitReportReporter -->
<testsuite hostname="DESKTOP-HNG5JPV" failures="0" tests="2" name="com.testng.TestNgAnnotation" time="0.025" errors="0" timestamp="2025-09-19T08:28:03 IST" skipped="0">
  <testcase classname="com.testng.TestNgAnnotation" name="test" time="0.020"/>
  <testcase classname="com.testng.TestNgAnnotation" name="test1" time="0.005"/>
</testsuite> <!-- com.testng.TestNgAnnotation -->
